<?xml version="1.0" encoding="UTF-8"?>
<testng-results skipped="0" failed="0" ignored="0" total="0" passed="0">
  <reporter-output>
  </reporter-output>
  <suite name="runner.TestRunner" duration-ms="18" started-at="2022-01-14T21:30:24 CST" finished-at="2022-01-14T21:30:25 CST">
    <groups>
    </groups>
    <test name="Command line test" duration-ms="18" started-at="2022-01-14T21:30:24 CST" finished-at="2022-01-14T21:30:25 CST">
    </test> <!-- Command line test -->
  </suite> <!-- runner.TestRunner -->
</testng-results>
