<?xml version="1.0" encoding="UTF-8"?>
<testsuite xmlns:xsi="http://www.w3.org/2001/XMLSchema-instance" xsi:noNamespaceSchemaLocation="https://maven.apache.org/surefire/maven-surefire-plugin/xsd/surefire-test-report-3.0.xsd" version="3.0" name="runner.TestRunner" time="1.584" tests="1" errors="0" skipped="0" failures="0">
  <properties>
[...]
</properties>
  <testcase name="Verify user can see web table data" classname="This feature is to test the login functionality #2" time="0.333">
    <system-out><![CDATA[Opening website
On login page
logging in
[[Airi Satou, Accountant, Tokyo, 33, 2008/11/28], [Angelica Ramos, Chief Executive Officer (CEO), London, 47, 2009/10/09], [Ashton Cox, Junior Technical Author, San Francisco, 66, 2009/01/12], [Bradley Greer, Software Engineer, London, 41, 2012/10/13], [Brenden Wagner, Software Engineer, San Francisco, 28, 2011/06/07], [Brielle Williamson, Integration Specialist, New York, 61, 2012/12/02]]
On login page
Airi Satou 
Angelica Ramos 
Ashton Cox 
Bradley Greer 
Brenden Wagner 
Brielle Williamson 
]]></system-out>
  </testcase>
</testsuite>