<?xml version="1.0" encoding="UTF-8"?>
<testng-results skipped="0" failed="0" ignored="0" total="2" passed="2">
  <reporter-output>
  </reporter-output>
  <suite name="Critical Test" duration-ms="78" started-at="2022-01-27T20:04:22Z" finished-at="2022-01-27T20:04:22Z">
    <groups>
      <group name="@Smoke">
        <method signature="TestNGTest.firstTest()[pri:0, instance:com.automation.tests.TestNGTest@59717824]" name="firstTest" class="com.automation.tests.TestNGTest"/>
      </group> <!-- @Smoke -->
    </groups>
    <test name="Login Test" duration-ms="78" started-at="2022-01-27T20:04:22Z" finished-at="2022-01-27T20:04:22Z">
      <class name="com.automation.tests.TestNGTest">
        <test-method status="PASS" signature="setUp()[pri:0, instance:com.automation.tests.TestNGTest@59717824]" name="setUp" is-config="true" duration-ms="17" started-at="2022-01-27T20:04:22Z" finished-at="2022-01-27T20:04:22Z">
          <reporter-output>
          </reporter-output>
        </test-method> <!-- setUp -->
        <test-method status="PASS" signature="firstTest()[pri:0, instance:com.automation.tests.TestNGTest@59717824]" name="firstTest" duration-ms="1" started-at="2022-01-27T20:04:22Z" finished-at="2022-01-27T20:04:22Z">
          <reporter-output>
          </reporter-output>
        </test-method> <!-- firstTest -->
        <test-method status="PASS" signature="cleanUp()[pri:0, instance:com.automation.tests.TestNGTest@59717824]" name="cleanUp" is-config="true" duration-ms="1" started-at="2022-01-27T20:04:22Z" finished-at="2022-01-27T20:04:22Z">
          <reporter-output>
          </reporter-output>
        </test-method> <!-- cleanUp -->
        <test-method status="PASS" signature="setUp()[pri:0, instance:com.automation.tests.TestNGTest@59717824]" name="setUp" is-config="true" duration-ms="1" started-at="2022-01-27T20:04:22Z" finished-at="2022-01-27T20:04:22Z">
          <reporter-output>
          </reporter-output>
        </test-method> <!-- setUp -->
        <test-method status="PASS" signature="secondTest()[pri:0, instance:com.automation.tests.TestNGTest@59717824]" name="secondTest" duration-ms="0" started-at="2022-01-27T20:04:22Z" finished-at="2022-01-27T20:04:22Z">
          <reporter-output>
          </reporter-output>
        </test-method> <!-- secondTest -->
        <test-method status="PASS" signature="cleanUp()[pri:0, instance:com.automation.tests.TestNGTest@59717824]" name="cleanUp" is-config="true" duration-ms="1" started-at="2022-01-27T20:04:22Z" finished-at="2022-01-27T20:04:22Z">
          <reporter-output>
          </reporter-output>
        </test-method> <!-- cleanUp -->
      </class> <!-- com.automation.tests.TestNGTest -->
    </test> <!-- Login Test -->
  </suite> <!-- Critical Test -->
</testng-results>
