<?xml version="1.0" encoding="UTF-8"?>
<!-- Generated by org.testng.reporters.JUnitXMLReporter -->
<testsuite hostname="LAPTOP-U3NIC1VB" ignored="1" name="Login Test 2" tests="1" failures="0" timestamp="27 Jan 2022 20:00:42 GMT" time="0.006" errors="0">
  <testcase name="firstTest" time="0.0" classname="com.automation.tests.TestNGTest"/>
  <testcase name="secondTest" time="0.0" classname="com.automation.tests.TestNGTest">
    <ignored/>
  </testcase> <!-- secondTest -->
</testsuite> <!-- Login Test 2 -->
